<?xml version="1.0" encoding="UTF-8"?>
<!-- Generated by org.testng.reporters.JUnitXMLReporter -->
<testsuite ignored="0" hostname="DESKTOP-N0KKL74" failures="0" tests="4" name="Command line test" time="0.031" errors="0" timestamp="2022-02-01T15:25:31 IST">
  <testcase classname="com.crm.comcast.contact.ContactTest" name="createContact" time="0.003"/>
  <testcase classname="com.crm.comcast.contact.ContactTest" name="modifyContact" time="0.0"/>
  <testcase classname="com.crm.comcast.orgTest.OrganizationTest" name="createOrg" time="0.0"/>
  <testcase classname="com.crm.comcast.orgTest.OrganizationTest" name="modifyOrg" time="0.0"/>
</testsuite> <!-- Command line test -->
