<?xml version="1.0" encoding="UTF-8"?>
<testng-results ignored="0" total="4" passed="4" failed="0" skipped="0">
  <reporter-output>
  </reporter-output>
  <suite started-at="2022-02-01T15:25:31 IST" name="Command line suite" finished-at="2022-02-01T15:25:31 IST" duration-ms="31">
    <groups>
      <group name="regressionTest">
        <method signature="ContactTest.modifyContact()[pri:0, instance:com.crm.comcast.contact.ContactTest@c8c12ac]" name="modifyContact" class="com.crm.comcast.contact.ContactTest"/>
        <method signature="OrganizationTest.modifyOrg()[pri:0, instance:com.crm.comcast.orgTest.OrganizationTest@f6efaab]" name="modifyOrg" class="com.crm.comcast.orgTest.OrganizationTest"/>
      </group> <!-- regressionTest -->
      <group name="smokeTest">
        <method signature="ContactTest.createContact()[pri:0, instance:com.crm.comcast.contact.ContactTest@c8c12ac]" name="createContact" class="com.crm.comcast.contact.ContactTest"/>
        <method signature="OrganizationTest.createOrg()[pri:0, instance:com.crm.comcast.orgTest.OrganizationTest@f6efaab]" name="createOrg" class="com.crm.comcast.orgTest.OrganizationTest"/>
      </group> <!-- smokeTest -->
    </groups>
    <test started-at="2022-02-01T15:25:31 IST" name="Command line test" finished-at="2022-02-01T15:25:31 IST" duration-ms="31">
      <class name="com.crm.comcast.orgTest.OrganizationTest">
        <test-method signature="createOrg()[pri:0, instance:com.crm.comcast.orgTest.OrganizationTest@f6efaab]" started-at="2022-02-01T15:25:31 IST" name="createOrg" finished-at="2022-02-01T15:25:31 IST" duration-ms="0" status="PASS">
          <reporter-output>
          </reporter-output>
        </test-method> <!-- createOrg -->
        <test-method signature="modifyOrg()[pri:0, instance:com.crm.comcast.orgTest.OrganizationTest@f6efaab]" started-at="2022-02-01T15:25:31 IST" name="modifyOrg" finished-at="2022-02-01T15:25:31 IST" duration-ms="0" status="PASS">
          <reporter-output>
          </reporter-output>
        </test-method> <!-- modifyOrg -->
      </class> <!-- com.crm.comcast.orgTest.OrganizationTest -->
      <class name="com.crm.comcast.contact.ContactTest">
        <test-method signature="createContact()[pri:0, instance:com.crm.comcast.contact.ContactTest@c8c12ac]" started-at="2022-02-01T15:25:31 IST" name="createContact" finished-at="2022-02-01T15:25:31 IST" duration-ms="3" status="PASS">
          <reporter-output>
          </reporter-output>
        </test-method> <!-- createContact -->
        <test-method signature="modifyContact()[pri:0, instance:com.crm.comcast.contact.ContactTest@c8c12ac]" started-at="2022-02-01T15:25:31 IST" name="modifyContact" finished-at="2022-02-01T15:25:31 IST" duration-ms="0" status="PASS">
          <reporter-output>
          </reporter-output>
        </test-method> <!-- modifyContact -->
      </class> <!-- com.crm.comcast.contact.ContactTest -->
    </test> <!-- Command line test -->
  </suite> <!-- Command line suite -->
</testng-results>
