<?xml version="1.0" encoding="UTF-8" ?>
<testsuite tests="4" failures="0" name="TestSuite" time="0.004" errors="0" skipped="0">
  <properties>
[...]
</properties>
  <testcase classname="com.crm.comcast.contact.ContactTest" name="createContact" time="0.004"/>
  <testcase classname="com.crm.comcast.contact.ContactTest" name="modifyContact" time="0"/>
  <testcase classname="com.crm.comcast.orgTest.OrganizationTest" name="createOrg" time="0"/>
  <testcase classname="com.crm.comcast.orgTest.OrganizationTest" name="modifyOrg" time="0"/>
</testsuite>