<?xml version="1.0" encoding="UTF-8"?>
<testng-results ignored="0" total="2" passed="2" failed="0" skipped="0">
  <reporter-output>
  </reporter-output>
  <suite started-at="2022-02-01T11:04:11 IST" name="Default suite" finished-at="2022-02-01T11:04:11 IST" duration-ms="35">
    <groups>
      <group name="regressionTest">
        <method signature="OrganizationTest.modifyOrg()[pri:0, instance:com.crm.comcast.orgTest.OrganizationTest@693fe6c9]" name="modifyOrg" class="com.crm.comcast.orgTest.OrganizationTest"/>
      </group> <!-- regressionTest -->
      <group name="smokeTest">
        <method signature="OrganizationTest.createOrg()[pri:0, instance:com.crm.comcast.orgTest.OrganizationTest@693fe6c9]" name="createOrg" class="com.crm.comcast.orgTest.OrganizationTest"/>
      </group> <!-- smokeTest -->
    </groups>
    <test started-at="2022-02-01T11:04:11 IST" name="Default test" finished-at="2022-02-01T11:04:11 IST" duration-ms="35">
      <class name="com.crm.comcast.orgTest.OrganizationTest">
        <test-method signature="createOrg()[pri:0, instance:com.crm.comcast.orgTest.OrganizationTest@693fe6c9]" started-at="2022-02-01T11:04:11 IST" name="createOrg" finished-at="2022-02-01T11:04:11 IST" duration-ms="7" status="PASS">
          <reporter-output>
          </reporter-output>
        </test-method> <!-- createOrg -->
        <test-method signature="modifyOrg()[pri:0, instance:com.crm.comcast.orgTest.OrganizationTest@693fe6c9]" started-at="2022-02-01T11:04:11 IST" name="modifyOrg" finished-at="2022-02-01T11:04:11 IST" duration-ms="1" status="PASS">
          <reporter-output>
          </reporter-output>
        </test-method> <!-- modifyOrg -->
      </class> <!-- com.crm.comcast.orgTest.OrganizationTest -->
    </test> <!-- Default test -->
  </suite> <!-- Default suite -->
</testng-results>
